[2014-12-24 22:35:08] START
[2014-12-24 22:36:31] EDIT RSVP/models/db.py: 5
[2014-12-24 22:40:20] EDIT RSVP/models/db.py: 4
[2014-12-24 22:46:53] EDIT RSVP/models/db.py: 10
[2014-12-24 22:47:58] EDIT RSVP/models/db.py: 0
[2014-12-24 22:48:03] EDIT RSVP/models/db.py: 0
[2014-12-24 22:50:57] EDIT RSVP/models/db.py: 6
[2014-12-24 22:51:36] EDIT RSVP/models/db.py: 3
[2014-12-24 22:52:07] EDIT RSVP/models/db.py: 0
[2014-12-24 22:52:18] EDIT RSVP/models/db.py: 0
[2014-12-24 22:52:52] EDIT RSVP/models/db.py: 0
[2014-12-24 22:53:40] EDIT RSVP/controllers/default.py: 1
[2014-12-24 22:53:51] EDIT RSVP/controllers/default.py: 0
[2014-12-24 22:57:28] EDIT RSVP/views/default/index.html: -18
[2014-12-24 22:59:49] EDIT RSVP/models/menu.py: 0
[2014-12-24 23:00:36] EDIT RSVP/models/menu.py: 1
[2014-12-24 23:00:58] EDIT RSVP/models/menu.py: 0
[2014-12-24 23:01:49] EDIT RSVP/controllers/default.py: 4
[2014-12-24 23:01:59] CREATE default/create.html: 0
[2014-12-24 23:02:20] EDIT RSVP/views/default/create.html: -1
[2014-12-24 23:02:24] EDIT RSVP/views/default/create.html: 1
[2014-12-24 23:03:02] EDIT RSVP/models/menu.py: -1
[2014-12-24 23:03:35] EDIT RSVP/models/menu.py: 0
[2014-12-24 23:03:37] EDIT RSVP/models/menu.py: 0
[2014-12-24 23:04:47] EDIT RSVP/views/layout.html: 0
[2014-12-24 23:05:05] EDIT RSVP/views/layout.html: -1
[2014-12-24 23:05:28] EDIT RSVP/views/layout.html: 0
[2014-12-24 23:10:19] EDIT RSVP/views/default/index.html: 0
[2014-12-24 23:12:06] EDIT RSVP/views/default/index.html: 1
[2014-12-24 23:12:23] EDIT RSVP/views/default/index.html: 0
[2014-12-24 23:12:47] EDIT RSVP/views/default/index.html: 2
[2014-12-24 23:12:57] EDIT RSVP/views/default/index.html: 0
[2014-12-24 23:13:37] EDIT RSVP/views/default/index.html: 0
[2014-12-24 23:19:24] EDIT RSVP/controllers/default.py: 5
[2014-12-24 23:20:19] EDIT RSVP/controllers/default.py: 0
[2014-12-24 23:22:12] EDIT RSVP/controllers/default.py: -3
[2014-12-24 23:23:04] EDIT RSVP/controllers/default.py: 1
[2014-12-24 23:23:14] CREATE default/show.html: 0
[2014-12-24 23:24:06] EDIT RSVP/views/default/show.html: 1
[2014-12-24 23:24:48] EDIT RSVP/views/default/index.html: 0
[2014-12-24 23:26:10] EDIT RSVP/views/default/show.html: 6
[2014-12-24 23:26:45] EDIT RSVP/views/default/show.html: 6
[2014-12-24 23:27:08] EDIT RSVP/views/default/show.html: 0
[2014-12-24 23:27:27] EDIT RSVP/views/default/show.html: 0
[2014-12-24 23:27:33] EDIT RSVP/views/default/index.html: 0
[2014-12-24 23:28:03] EDIT RSVP/models/menu.py: 0
[2014-12-24 23:29:22] EDIT RSVP/models/menu.py: 1
[2014-12-24 23:29:45] EDIT RSVP/models/menu.py: 0
[2014-12-24 23:30:13] EDIT RSVP/models/menu.py: 0
[2014-12-24 23:30:46] EDIT RSVP/models/menu.py: 0
[2014-12-24 23:31:30] EDIT RSVP/models/menu.py: 0
[2014-12-24 23:32:04] EDIT RSVP/views/default/show.html: 0
[2014-12-24 23:32:12] EDIT RSVP/views/default/index.html: 0
[2014-12-24 23:32:24] EDIT RSVP/views/default/index.html: 0
[2014-12-24 23:32:34] EDIT RSVP/views/default/show.html: 0
[2014-12-24 23:33:38] EDIT RSVP/controllers/default.py: 2
[2014-12-24 23:38:50] EDIT RSVP/views/layout.html: 2
[2014-12-24 23:47:24] EDIT RSVP/controllers/default.py: 9
[2014-12-24 23:50:42] EDIT RSVP/controllers/default.py: 4
[2014-12-24 23:51:26] CREATE default/manage_events.html: 0
[2014-12-24 23:51:41] EDIT RSVP/views/default/manage_events.html: 2
[2014-12-24 23:53:30] EDIT RSVP/models/menu.py: 6
[2014-12-24 23:54:49] EDIT RSVP/controllers/default.py: 4
[2014-12-24 23:55:12] CREATE default/manage_attendance.html: 0
[2014-12-24 23:55:27] EDIT RSVP/views/default/manage_attendance.html: 2
[2014-12-24 23:56:00] EDIT RSVP/controllers/default.py: 2
[2014-12-24 23:56:14] CREATE default/help.html: 0
[2014-12-24 23:56:49] EDIT RSVP/views/default/help.html: 4
[2014-12-24 23:57:27] EDIT RSVP/models/menu.py: 1
[2014-12-25 00:00:01] EDIT RSVP/controllers/default.py: 0
[2014-12-25 00:01:57] EDIT RSVP/controllers/default.py: -6
[2014-12-25 00:07:26] EDIT RSVP/views/default/show.html: 10
[2014-12-25 00:07:42] EDIT RSVP/views/default/show.html: 0
[2014-12-25 00:08:05] EDIT RSVP/views/default/show.html: 4
[2014-12-25 00:11:33] EDIT RSVP/controllers/default.py: 4
[2014-12-25 00:13:25] EDIT RSVP/controllers/default.py: 1
[2014-12-25 00:13:57] EDIT RSVP/controllers/default.py: 2
[2014-12-25 00:15:32] EDIT RSVP/controllers/default.py: 7
[2014-12-25 00:16:08] EDIT RSVP/controllers/default.py: 3
[2014-12-25 00:16:50] EDIT RSVP/controllers/default.py: 0
[2014-12-25 00:17:13] EDIT RSVP/controllers/default.py: 0
[2014-12-25 00:17:31] EDIT RSVP/controllers/default.py: 0
[2014-12-25 00:17:56] EDIT RSVP/controllers/default.py: 0
[2014-12-25 00:18:17] EDIT RSVP/controllers/default.py: 0
[2014-12-25 00:18:38] EDIT RSVP/controllers/default.py: 0
[2014-12-25 00:20:14] EDIT RSVP/controllers/default.py: 0
[2014-12-25 00:21:04] EDIT RSVP/controllers/default.py: 0
[2014-12-25 00:21:33] EDIT RSVP/controllers/default.py: 0
[2014-12-25 00:22:29] EDIT RSVP/controllers/default.py: -1
[2014-12-25 00:22:45] EDIT RSVP/controllers/default.py: 1
[2014-12-25 00:23:34] EDIT RSVP/controllers/default.py: 0
[2014-12-25 00:26:28] EDIT RSVP/models/db.py: 2
[2014-12-25 00:27:15] EDIT RSVP/models/db.py: 0
[2014-12-25 00:28:41] EDIT RSVP/models/db.py: 0
[2014-12-25 00:30:15] EDIT RSVP/controllers/default.py: 1
[2014-12-25 00:30:54] EDIT RSVP/controllers/default.py: 0
[2014-12-25 00:30:59] EDIT RSVP/controllers/default.py: 0
[2014-12-25 00:32:04] EDIT RSVP/controllers/default.py: 1
[2014-12-25 00:32:25] EDIT RSVP/controllers/default.py: 0
[2014-12-25 00:33:17] EDIT RSVP/controllers/default.py: 0
[2014-12-25 00:33:45] EDIT RSVP/controllers/default.py: 1
[2014-12-25 00:34:18] EDIT RSVP/controllers/default.py: -1
[2014-12-25 00:35:59] EDIT RSVP/controllers/default.py: 2
[2014-12-25 00:57:07] EDIT RSVP/controllers/default.py: 0
[2014-12-25 00:57:37] EDIT RSVP/controllers/default.py: 0
[2014-12-25 00:59:30] EDIT RSVP/controllers/default.py: 2
[2014-12-25 01:00:12] EDIT RSVP/views/default/index.html: 3
[2014-12-25 01:01:10] EDIT RSVP/controllers/default.py: 1
[2014-12-25 01:01:38] EDIT RSVP/views/default/show.html: 3
[2014-12-25 01:02:31] EDIT RSVP/views/default/show.html: 0
